<?xml version="1.0" encoding="UTF-8"?>
<testsuite xmlns:xsi="http://www.w3.org/2001/XMLSchema-instance" xsi:noNamespaceSchemaLocation="https://maven.apache.org/surefire/maven-surefire-plugin/xsd/surefire-test-report.xsd" name="com.cphbusiness.carrentalwulf.GarageTest" time="0" tests="2" errors="0" skipped="0" failures="0">
  <properties>
    <property name="sun.desktop" value="windows"/>
    <property name="awt.toolkit" value="sun.awt.windows.WToolkit"/>
    <property name="file.encoding.pkg" value="sun.io"/>
    <property name="java.specification.version" value="1.8"/>
    <property name="sun.cpu.isalist" value="amd64"/>
    <property name="sun.jnu.encoding" value="Cp1252"/>
    <property name="java.class.path" value="C:\Users\1998e\OneDrive\Dokumenter\NetBeansProjects\CarRentalWulf\target\test-classes;C:\Users\1998e\OneDrive\Dokumenter\NetBeansProjects\CarRentalWulf\target\classes;C:\Users\1998e\.m2\repository\junit\junit\4.11\junit-4.11.jar;C:\Users\1998e\.m2\repository\org\hamcrest\hamcrest-core\1.3\hamcrest-core-1.3.jar;"/>
    <property name="java.vm.vendor" value=""/>
    <property name="sun.arch.data.model" value="64"/>
    <property name="user.variant" value=""/>
    <property name="java.vendor.url" value="http://java.oracle.com/"/>
    <property name="user.timezone" value="GMT+01:00"/>
    <property name="java.vm.specification.version" value="1.8"/>
    <property name="os.name" value="Windows 10"/>
    <property name="sun.java.launcher" value="SUN_STANDARD"/>
    <property name="user.country" value="DK"/>
    <property name="sun.boot.library.path" value="C:\Users\1998e\AppData\Local\Programs\AdoptOpenJDK\jre\bin"/>
    <property name="sun.java.command" value="C:\Users\1998e\AppData\Local\Temp\surefire7628925385384477340\surefirebooter8071608573778796958.jar C:\Users\1998e\AppData\Local\Temp\surefire7628925385384477340 2019-10-11T10-23-34_840-jvmRun1 surefire2455570179833560533tmp surefire_07528156215211450028tmp"/>
    <property name="surefire.test.class.path" value="C:\Users\1998e\OneDrive\Dokumenter\NetBeansProjects\CarRentalWulf\target\test-classes;C:\Users\1998e\OneDrive\Dokumenter\NetBeansProjects\CarRentalWulf\target\classes;C:\Users\1998e\.m2\repository\junit\junit\4.11\junit-4.11.jar;C:\Users\1998e\.m2\repository\org\hamcrest\hamcrest-core\1.3\hamcrest-core-1.3.jar;"/>
    <property name="sun.cpu.endian" value="little"/>
    <property name="user.home" value="C:\Users\1998e"/>
    <property name="user.language" value="da"/>
    <property name="java.specification.vendor" value="Oracle Corporation"/>
    <property name="java.home" value="C:\Users\1998e\AppData\Local\Programs\AdoptOpenJDK\jre"/>
    <property name="basedir" value="C:\Users\1998e\OneDrive\Dokumenter\NetBeansProjects\CarRentalWulf"/>
    <property name="file.separator" value="\"/>
    <property name="line.separator" value="&#10;"/>
    <property name="java.vm.specification.vendor" value="Oracle Corporation"/>
    <property name="java.specification.name" value="Java Platform API Specification"/>
    <property name="java.awt.graphicsenv" value="sun.awt.Win32GraphicsEnvironment"/>
    <property name="surefire.real.class.path" value="C:\Users\1998e\AppData\Local\Temp\surefire7628925385384477340\surefirebooter8071608573778796958.jar"/>
    <property name="sun.boot.class.path" value="C:\Users\1998e\AppData\Local\Programs\AdoptOpenJDK\jre\lib\resources.jar;C:\Users\1998e\AppData\Local\Programs\AdoptOpenJDK\jre\lib\rt.jar;C:\Users\1998e\AppData\Local\Programs\AdoptOpenJDK\jre\lib\sunrsasign.jar;C:\Users\1998e\AppData\Local\Programs\AdoptOpenJDK\jre\lib\jsse.jar;C:\Users\1998e\AppData\Local\Programs\AdoptOpenJDK\jre\lib\jce.jar;C:\Users\1998e\AppData\Local\Programs\AdoptOpenJDK\jre\lib\charsets.jar;C:\Users\1998e\AppData\Local\Programs\AdoptOpenJDK\jre\lib\jfr.jar;C:\Users\1998e\AppData\Local\Programs\AdoptOpenJDK\jre\classes"/>
    <property name="user.script" value=""/>
    <property name="sun.management.compiler" value="HotSpot 64-Bit Tiered Compilers"/>
    <property name="java.runtime.version" value="1.8.0_222-b10"/>
    <property name="user.name" value="1998e"/>
    <property name="path.separator" value=";"/>
    <property name="os.version" value="10.0"/>
    <property name="java.endorsed.dirs" value="C:\Users\1998e\AppData\Local\Programs\AdoptOpenJDK\jre\lib\endorsed"/>
    <property name="java.runtime.name" value="OpenJDK Runtime Environment"/>
    <property name="file.encoding" value="UTF-8"/>
    <property name="java.vm.name" value="OpenJDK 64-Bit Server VM"/>
    <property name="maven.ext.class.path" value="C:\Program Files\NetBeans 8.2 (SE)\NetBeans 8.2\java\maven-nblib\netbeans-eventspy.jar"/>
    <property name="localRepository" value="C:\Users\1998e\.m2\repository"/>
    <property name="java.vendor.url.bug" value="http://bugreport.sun.com/bugreport/"/>
    <property name="java.io.tmpdir" value="C:\Users\1998e\AppData\Local\Temp\"/>
    <property name="java.version" value="1.8.0_222"/>
    <property name="user.dir" value="C:\Users\1998e\OneDrive\Dokumenter\NetBeansProjects\CarRentalWulf"/>
    <property name="os.arch" value="amd64"/>
    <property name="java.vm.specification.name" value="Java Virtual Machine Specification"/>
    <property name="java.awt.printerjob" value="sun.awt.windows.WPrinterJob"/>
    <property name="sun.os.patch.level" value=""/>
    <property name="java.library.path" value="C:\Users\1998e\AppData\Local\Programs\AdoptOpenJDK\jre\bin;C:\WINDOWS\Sun\Java\bin;C:\WINDOWS\system32;C:\WINDOWS;C:\Program Files (x86)\Common Files\Oracle\Java\javapath;C:\Program Files (x86)\Intel\iCLS Client\;C:\Program Files\Intel\iCLS Client\;C:\Windows\system32;C:\Windows;C:\Windows\System32\Wbem;C:\Windows\System32\WindowsPowerShell\v1.0\;C:\Program Files (x86)\NVIDIA Corporation\PhysX\Common;C:\Program Files (x86)\Intel\Intel(R) Management Engine Components\DAL;C:\Program Files\Intel\Intel(R) Management Engine Components\DAL;C:\Program Files (x86)\Intel\Intel(R) Management Engine Components\IPT;C:\Program Files\Intel\Intel(R) Management Engine Components\IPT;C:\Program Files\Intel\WiFi\bin\;C:\Program Files\Common Files\Intel\WirelessCommon\;C:\WINDOWS\system32;C:\WINDOWS;C:\WINDOWS\System32\Wbem;C:\WINDOWS\System32\WindowsPowerShell\v1.0\;C:\WINDOWS\System32\OpenSSH\;C:\Program Files (x86)\Bitvise SSH Client;C:\Program Files\Java\jdk1.8.0_221\bin;C:\Program Files\Git\cmd;C:\Users\1998e\AppData\Local\Programs\AdoptOpenJDK\bin;C:\Users\1998e\AppData\Local\Microsoft\WindowsApps;;C:\Users\1998e\AppData\Local\Programs\Microsoft VS Code\bin;."/>
    <property name="java.vm.info" value="mixed mode"/>
    <property name="java.vendor" value="AdoptOpenJDK"/>
    <property name="java.vm.version" value="25.222-b10"/>
    <property name="java.ext.dirs" value="C:\Users\1998e\AppData\Local\Programs\AdoptOpenJDK\jre\lib\ext;C:\WINDOWS\Sun\Java\lib\ext"/>
    <property name="sun.io.unicode.encoding" value="UnicodeLittle"/>
    <property name="java.class.version" value="52.0"/>
  </properties>
  <testcase name="testGargeToHtml" classname="com.cphbusiness.carrentalwulf.GarageTest" time="0"/>
  <testcase name="testAddCar" classname="com.cphbusiness.carrentalwulf.GarageTest" time="0"/>
</testsuite>